<?xml version="1.0" encoding="UTF-8"?>
<!-- Generated by org.testng.reporters.JUnitXMLReporter -->
<testsuite ignored="0" hostname="jayesh-pc" failures="0" tests="5" name="Default test" time="46.558" errors="0" timestamp="2022-04-15T11:19:36 IST">
  <testcase classname="TestCases.LoginPageText" name="loginToZerodhaAccountTest" time="5.261"/>
  <testcase classname="TestCases.LoginPageText" name="verifyKiteLogoTest" time="0.328"/>
  <testcase classname="TestCases.LoginPageText" name="verifyPageTitleTest" time="0.039"/>
  <testcase classname="TestCases.LoginPageText" name="verifyUserIdTextTest" time="1.622"/>
  <testcase classname="TestCases.LoginPageText" name="verifyZerodhaLogoTest" time="0.203"/>
</testsuite> <!-- Default test -->
