<?xml version="1.0" encoding="UTF-8"?>
<!-- Generated by org.testng.reporters.JUnitXMLReporter -->
<testsuite ignored="4" hostname="jayesh-pc" failures="0" tests="4" name="group" time="0.227" errors="0" timestamp="2022-04-14T20:02:19 IST">
  <testcase classname="TestCases.GroupTest" name="method5" time="0.034"/>
  <testcase classname="TestCases.GroupTest" name="method1" time="0.005"/>
  <testcase classname="TestCases.GroupTest" name="method1" time="0.005"/>
  <testcase classname="TestCases.GroupTest" name="method1" time="0.004"/>
  <testcase classname="TestCases.GroupTest" name="method6" time="0.0">
    <ignored/>
  </testcase> <!-- method6 -->
  <testcase classname="TestCases.GroupTest" name="method2" time="0.0">
    <ignored/>
  </testcase> <!-- method2 -->
  <testcase classname="TestCases.GroupTest" name="method4" time="0.0">
    <ignored/>
  </testcase> <!-- method4 -->
  <testcase classname="TestCases.GroupTest" name="method3" time="0.0">
    <ignored/>
  </testcase> <!-- method3 -->
</testsuite> <!-- group -->
