<?xml version="1.0" encoding="UTF-8"?>
<!-- Generated by org.testng.reporters.JUnitXMLReporter -->
<testsuite ignored="8" hostname="jayesh-pc" failures="0" tests="4" name="Test" time="0.169" errors="0" timestamp="2022-04-14T20:08:09 IST">
  <testcase classname="TestCases.GroupTest" name="method4" time="0.023"/>
  <testcase classname="TestCases.GroupTest" name="method2" time="0.004"/>
  <testcase classname="TestCases.EnabledTest" name="method44" time="0.004"/>
  <testcase classname="TestCases.EnabledTest" name="method22" time="0.008"/>
  <testcase classname="TestCases.GroupTest" name="method6" time="0.0">
    <ignored/>
  </testcase> <!-- method6 -->
  <testcase classname="TestCases.GroupTest" name="method5" time="0.0">
    <ignored/>
  </testcase> <!-- method5 -->
  <testcase classname="TestCases.GroupTest" name="method1" time="0.0">
    <ignored/>
  </testcase> <!-- method1 -->
  <testcase classname="TestCases.GroupTest" name="method3" time="0.0">
    <ignored/>
  </testcase> <!-- method3 -->
  <testcase classname="TestCases.EnabledTest" name="method33" time="0.0">
    <ignored/>
  </testcase> <!-- method33 -->
  <testcase classname="TestCases.EnabledTest" name="method55" time="0.0">
    <ignored/>
  </testcase> <!-- method55 -->
  <testcase classname="TestCases.EnabledTest" name="method66" time="0.0">
    <ignored/>
  </testcase> <!-- method66 -->
  <testcase classname="TestCases.EnabledTest" name="method111" time="0.0">
    <ignored/>
  </testcase> <!-- method111 -->
</testsuite> <!-- Test -->
